\BOOKMARK [0][-]{chapter.1}{\376\377\000I\000n\000t\000r\000o\000d\000u\000z\000i\000o\000n\000e}{}% 1
\BOOKMARK [1][-]{section.1.1}{\376\377\000A\000n\000a\000l\000i\000s\000i\000\040\000d\000e\000i\000\040\000r\000e\000q\000u\000i\000s\000i\000t\000i}{chapter.1}% 2
\BOOKMARK [2][-]{subsection.1.1.1}{\376\377\000D\000e\000s\000t\000i\000n\000a\000t\000a\000r\000i}{section.1.1}% 3
\BOOKMARK [2][-]{subsection.1.1.2}{\376\377\000M\000o\000d\000e\000l\000l\000o\000\040\000d\000i\000\040\000v\000a\000l\000o\000r\000e}{section.1.1}% 4
\BOOKMARK [2][-]{subsection.1.1.3}{\376\377\000F\000l\000u\000s\000s\000o\000\040\000d\000e\000i\000\040\000d\000a\000t\000i}{section.1.1}% 5
\BOOKMARK [2][-]{subsection.1.1.4}{\376\377\000A\000s\000p\000e\000t\000t\000i\000\040\000t\000e\000c\000n\000o\000l\000o\000g\000i\000c\000i}{section.1.1}% 6
\BOOKMARK [0][-]{chapter.2}{\376\377\000I\000n\000t\000e\000r\000f\000a\000c\000c\000e}{}% 7
\BOOKMARK [1][-]{section.2.1}{\376\377\000I\000n\000d\000e\000x\000.\000e\000j\000s}{chapter.2}% 8
\BOOKMARK [1][-]{section.2.2}{\376\377\000A\000r\000e\000e}{chapter.2}% 9
\BOOKMARK [2][-]{subsection.2.2.1}{\376\377\000A\000r\000e\000a\000.\000e\000j\000s}{section.2.2}% 10
\BOOKMARK [1][-]{section.2.3}{\376\377\000L\000o\000g\000i\000n\000\040\000e\000\040\000R\000e\000g\000i\000s\000t\000r\000a\000z\000i\000o\000n\000e}{chapter.2}% 11
\BOOKMARK [2][-]{subsection.2.3.1}{\376\377\000L\000o\000g\000i\000n\000.\000e\000j\000s}{section.2.3}% 12
\BOOKMARK [2][-]{subsection.2.3.2}{\376\377\000R\000e\000g\000i\000s\000t\000r\000a\000z\000i\000o\000n\000e\000.\000e\000j\000s}{section.2.3}% 13
\BOOKMARK [2][-]{subsection.2.3.3}{\376\377\000A\000r\000e\000a\000P\000e\000r\000s\000o\000n\000a\000l\000e\000.\000e\000j\000s}{section.2.3}% 14
\BOOKMARK [0][-]{chapter.3}{\376\377\000A\000r\000c\000h\000i\000t\000e\000t\000t\000u\000r\000a}{}% 15
\BOOKMARK [1][-]{section.3.1}{\376\377\000S\000t\000r\000u\000t\000t\000u\000r\000a\000\040\000d\000e\000l\000\040\000s\000i\000t\000o}{chapter.3}% 16
\BOOKMARK [1][-]{section.3.2}{\376\377\000R\000o\000u\000t\000i\000n\000g\000\040\000l\000a\000t\000o\000\040\000s\000e\000r\000v\000e\000r}{chapter.3}% 17
\BOOKMARK [2][-]{subsection.3.2.1}{\376\377\000D\000e\000s\000c\000r\000i\000z\000i\000o\000n\000e\000\040\000d\000e\000l\000l\000e\000\040\000r\000i\000s\000o\000r\000s\000e}{section.3.2}% 18
\BOOKMARK [3][-]{subsubsection.3.2.1.1}{\376\377\000D\000a\000t\000a\000b\000a\000s\000e}{subsection.3.2.1}% 19
\BOOKMARK [3][-]{subsubsection.3.2.1.2}{\376\377\000A\000u\000t\000e\000n\000t\000i\000c\000a\000z\000i\000o\000n\000e}{subsection.3.2.1}% 20
\BOOKMARK [0][-]{chapter.4}{\376\377\000C\000o\000d\000i\000c\000e}{}% 21
\BOOKMARK [1][-]{section.4.1}{\376\377\000H\000T\000M\000L\000\040\0005}{chapter.4}% 22
\BOOKMARK [1][-]{section.4.2}{\376\377\000C\000S\000S\0003}{chapter.4}% 23
\BOOKMARK [1][-]{section.4.3}{\376\377\000A\000P\000I}{chapter.4}% 24
\BOOKMARK [1][-]{section.4.4}{\376\377\000N\000o\000d\000e\000.\000j\000s}{chapter.4}% 25
\BOOKMARK [1][-]{section.4.5}{\376\377\000L\000i\000b\000r\000e\000r\000i\000e\000\040\000e\000s\000t\000e\000r\000n\000e\000\040\000e\000\040\000J\000a\000v\000a\000S\000c\000r\000i\000p\000t}{chapter.4}% 26
\BOOKMARK [0][-]{chapter.5}{\376\377\000P\000o\000s\000s\000i\000b\000i\000l\000i\000\040\000s\000v\000i\000l\000u\000p\000p\000i\000\040\000e\000\040\000c\000o\000n\000c\000l\000u\000s\000i\000o\000n\000i}{}% 27
\BOOKMARK [0][-]{chapter.6}{\376\377\000B\000i\000b\000l\000i\000o\000g\000r\000a\000f\000i\000a}{}% 28
